"../../../thesis_1/Content/Mannequin/Character/Mesh/UE4_Mannequin_Skeleton.uasset" 0
"../../../thesis_1/Content/Mannequin/Animations/ThirdPerson_Jump.uasset" 1
"../../../thesis_1/Content/Mannequin/Animations/ThirdPersonJump_Loop.uasset" 2
"../../../thesis_1/Content/Mannequin/Animations/ThirdPersonJump_Start.uasset" 3
"../../../thesis_1/Content/Mannequin/Animations/ThirdPersonIdle.uasset" 4
"../../../thesis_1/Content/Mannequin/Animations/ThirdPersonRun.uasset" 5
"../../../thesis_1/Content/Mannequin/Animations/ThirdPersonWalk.uasset" 6
"../../../thesis_1/Content/Mannequin/Animations/ThirdPerson_IdleRun_2D.uasset" 7
"../../../Engine/Content/EditorBlueprintResources/StandardMacros.uasset" 8
"../../../thesis_1/Content/Mannequin/Animations/ThirdPerson_AnimBP.uasset" 9
"../../../Engine/Content/Functions/Engine_MaterialFunctions02/Utility/BlendAngleCorrectedNormals.uasset" 10
"../../../Engine/Content/Functions/MaterialLayerFunctions/MatLayerBlend_NormalBlend.uasset" 11
"../../../Engine/Content/Functions/MaterialLayerFunctions/MatLayerBlend_Simple.uasset" 12
"../../../thesis_1/Content/Mannequin/Character/Materials/MaterialLayers/T_ML_Rubber_Blue_01_D.uasset" 13
"../../../thesis_1/Content/Mannequin/Character/Materials/MaterialLayers/T_ML_Rubber_Blue_01_N.uasset" 14
"../../../thesis_1/Content/Mannequin/Character/Materials/MaterialLayers/ML_GlossyBlack_Latex_UE4.uasset" 15
"../../../thesis_1/Content/Mannequin/Character/Materials/MaterialLayers/ML_Plastic_Shiny_Beige.uasset" 16
"../../../thesis_1/Content/Mannequin/Character/Textures/UE4_LOGO_CARD.uasset" 17
"../../../thesis_1/Content/Mannequin/Character/Materials/MaterialLayers/ML_Plastic_Shiny_Beige_LOGO.uasset" 18
"../../../thesis_1/Content/Mannequin/Character/Materials/MaterialLayers/T_ML_Aluminum01.uasset" 19
"../../../thesis_1/Content/Mannequin/Character/Materials/MaterialLayers/T_ML_Aluminum01_N.uasset" 20
"../../../thesis_1/Content/Mannequin/Character/Materials/MaterialLayers/ML_SoftMetal_UE4.uasset" 21
"../../../thesis_1/Content/Mannequin/Character/Textures/UE4_Mannequin__normals.uasset" 22
"../../../thesis_1/Content/Mannequin/Character/Textures/UE4_Mannequin_MAT_MASKA.uasset" 23
"../../../thesis_1/Content/Mannequin/Character/Materials/M_UE4Man_Body.uasset" 24
"../../../thesis_1/Content/Mannequin/Character/Textures/UE4Man_Logo_N.uasset" 25
"../../../thesis_1/Content/Mannequin/Character/Materials/M_UE4Man_ChestLogo.uasset" 26
"../../../thesis_1/Content/Mannequin/Character/Mesh/SK_Mannequin_PhysicsAsset.uasset" 27
"../../../thesis_1/Content/Mannequin/Character/Mesh/SK_Mannequin.uasset" 28
"../../../thesis_1/Content/Blueprints/Characters/ThirdPersonCharacter.uasset" 29
"../../../thesis_1/Content/MyGamemode.uasset" 30
"../../../thesis_1/Content/Materials/AdiSkin.uasset" 31
"../../../thesis_1/Content/Meshes/Adi.uasset" 32
"../../../thesis_1/Content/Blueprints/Characters/0_Base.uasset" 33
"../../../Engine/Content/EditorBlueprintResources/ActorMacros.uasset" 34
"../../../thesis_1/Content/Blueprints/AllLevels/PlayerInfo.uasset" 35
"../../../thesis_1/Content/Materials/Laser.uasset" 36
"../../../Engine/Content/Functions/Engine_MaterialFunctions01/Opacity/CameraDepthFade.uasset" 37
"../../../Engine/Content/EngineMaterials/T_Default_Material_Grid_M.uasset" 38
"../../../Engine/Content/EngineMaterials/T_Default_Material_Grid_N.uasset" 39
"../../../Engine/Content/EngineMaterials/DefaultMaterial.uasset" 40
"../../../Engine/Content/BasicShapes/Sphere.uasset" 41
"../../../thesis_1/Content/StarterContent/Textures/T_Burst_M.uasset" 42
"../../../thesis_1/Content/StarterContent/Particles/Materials/M_Burst.uasset" 43
"../../../thesis_1/Content/StarterContent/Textures/T_Explosion_SubUV.uasset" 44
"../../../thesis_1/Content/StarterContent/Particles/Materials/M_explosion_subUV.uasset" 45
"../../../thesis_1/Content/StarterContent/Particles/Materials/m_flare_01.uasset" 46
"../../../Engine/Content/Functions/Engine_MaterialFunctions01/Gradient/RadialGradient.uasset" 47
"../../../thesis_1/Content/StarterContent/Particles/Materials/M_radial_ramp.uasset" 48
"../../../thesis_1/Content/StarterContent/Textures/T_Smoke_SubUV.uasset" 49
"../../../thesis_1/Content/StarterContent/Textures/T_Smoke_Tiled_D.uasset" 50
"../../../thesis_1/Content/StarterContent/Particles/Materials/M_smoke_subUV.uasset" 51
"../../../thesis_1/Content/StarterContent/Particles/P_Explosion.uasset" 52
"../../../thesis_1/Content/Blueprints/Skills/GS0_Projectile.uasset" 53
"../../../thesis_1/Content/Blueprints/Skills/GenericSkill0.uasset" 54
"../../../thesis_1/Content/Blueprints/Skills/GenericSkill1.uasset" 55
"../../../thesis_1/Content/Blueprints/AllLevels/PlayerSaveGame.uasset" 56
"../../../thesis_1/Content/Blueprints/Gameplay/GameplayPS.uasset" 57
"../../../thesis_1/Content/UI/HUD/ScoreboardRow.uasset" 58
"../../../thesis_1/Content/UI/HUD/HUD.uasset" 59
"../../../thesis_1/Content/Blueprints/Gameplay/BasePlayerControllerBP.uasset" 60
"../../../thesis_1/Content/Blueprints/Gameplay/GameplayGS.uasset" 61
"../../../thesis_1/Content/Blueprints/Gameplay/GameplayGM.uasset" 62
"../../../thesis_1/Content/Blueprints/Characters/BaseCharacter_BP.uasset" 63
"../../../thesis_1/Content/Blueprints/Characters/cppWarrior.uasset" 64
"../../../thesis_1/Content/Materials/Red.uasset" 65
"../../../thesis_1/Content/Blueprints/Characters/Redneck.uasset" 66
"../../../thesis_1/Content/StarterContent/Textures/T_Perlin_Noise_M.uasset" 67
"../../../thesis_1/Content/StarterContent/Textures/T_Water_N.uasset" 68
"../../../thesis_1/Content/Materials/Mercury.uasset" 69
"../../../thesis_1/Content/Blueprints/Characters/T-1000.uasset" 70
"../../../thesis_1/Content/Blueprints/Skills/GenericSkill2.uasset" 71
"../../../thesis_1/Content/Materials/IceyBlue.uasset" 72
"../../../Engine/Content/BasicShapes/Cone.uasset" 73
"../../../Engine/Content/BasicShapes/Cylinder.uasset" 74
"../../../thesis_1/Content/StarterContent/Particles/P_Avalanche.uasset" 75
"../../../thesis_1/Content/Blueprints/Skills/IceSpikes.uasset" 76
"../../../thesis_1/Content/Blueprints/Skills/GenericSkill3.uasset" 77
"../../../thesis_1/Content/Blueprints/Skills/RedneckSkill0.uasset" 78
"../../../thesis_1/Content/Blueprints/Skills/RedneckSkill1.uasset" 79
"../../../thesis_1/Content/Blueprints/Skills/RedneckSkill2.uasset" 80
"../../../thesis_1/Content/Blueprints/Skills/RedneckSkill3.uasset" 81
"../../../thesis_1/Content/Blueprints/Skills/T-1000Skill0.uasset" 82
"../../../thesis_1/Content/Blueprints/Skills/T-1000Skill1.uasset" 83
"../../../thesis_1/Content/Blueprints/Skills/T-1000Skill2.uasset" 84
"../../../thesis_1/Content/Blueprints/Skills/T-1000Skill3.uasset" 85
"../../../thesis_1/Content/Blueprints/Skills/WarriorSkill0.uasset" 86
"../../../thesis_1/Content/Blueprints/Skills/WarriorSkill1.uasset" 87
"../../../thesis_1/Content/Blueprints/Skills/WarriorSkill2.uasset" 88
"../../../thesis_1/Content/Blueprints/Skills/WarriorSkill3.uasset" 89
"../../../thesis_1/Content/UI/AllLevels/LoadingScreen.uasset" 90
"../../../thesis_1/Content/UI/MainMenu/HostMenu.uasset" 91
"../../../thesis_1/Content/UI/MainMenu/MainMenu.uasset" 92
"../../../thesis_1/Content/StarterContent/Textures/T_Bush_D.uasset" 93
"../../../thesis_1/Content/StarterContent/Textures/T_Fire_Tiled_D.uasset" 94
"../../../thesis_1/Content/StarterContent/Textures/T_Lamp_M.uasset" 95
"../../../thesis_1/Content/StarterContent/Textures/T_Spark_Core.uasset" 96
"../../../thesis_1/Content/StarterContent/Textures/T_Tech_Dot_M.uasset" 97
"../../../thesis_1/Content/StarterContent/Textures/T_Tech_Dot_N.uasset" 98
"../../../thesis_1/Content/StarterContent/Textures/T_Water_M.uasset" 99
"../../../thesis_1/Content/UI/MainMenu/OptionsMenu.uasset" 100
"../../../thesis_1/Content/UI/MainMenu/ServerMenu.uasset" 101
"../../../thesis_1/Content/Blueprints/AllLevels/GameInfoInstance.uasset" 102
"../../../thesis_1/Content/Blueprints/Gameplay/Boss0GM.uasset" 103
"../../../thesis_1/Content/Blueprints/Gameplay/GameplayPC.uasset" 104
"../../../thesis_1/Content/Blueprints/Lobby/LobbyPC.uasset" 105
"../../../thesis_1/Content/Mannequin/Animations/ThirdPersonJump_End.uasset" 106
"../../../thesis_1/Content/StarterContent/Materials/M_Basic_Wall.uasset" 107
"../../../thesis_1/Content/StarterContent/Architecture/Pillar_50x500.uasset" 108
"../../../thesis_1/Content/StarterContent/Architecture/Wall_400x300.uasset" 109
"../../../thesis_1/Content/StarterContent/Architecture/Wall_400x400.uasset" 110
"../../../thesis_1/Content/StarterContent/Architecture/Wall_500x500.uasset" 111
"../../../thesis_1/Content/StarterContent/Architecture/Wall_Door_400x400.uasset" 112
"../../../thesis_1/Content/StarterContent/Architecture/Wall_Window_400x400.uasset" 113
"../../../thesis_1/Content/StarterContent/Audio/Light01_Cue.uasset" 114
"../../../thesis_1/Content/StarterContent/Audio/Light02_Cue.uasset" 115
"../../../thesis_1/Content/StarterContent/Audio/Explosion_Cue.uasset" 116
"../../../thesis_1/Content/StarterContent/Blueprints/Blueprint_Effect_Explosion.uasset" 117
"../../../Engine/Content/EditorMeshes/ColorCalibrator/T_ColorGrid.uasset" 118
"../../../thesis_1/Content/StarterContent/Materials/M_ColorGrid_LowSpec.uasset" 119
"../../../thesis_1/Content/StarterContent/Particles/Materials/M_beam_ramp.uasset" 120
"../../../thesis_1/Content/StarterContent/Particles/P_electricity_arc.uasset" 121
"../../../thesis_1/Content/StarterContent/Textures/T_Bush_N.uasset" 122
"../../../thesis_1/Content/StarterContent/Props/Materials/M_Bush.uasset" 123
"../../../thesis_1/Content/StarterContent/Props/SM_Bush.uasset" 124
"../../../thesis_1/Content/StarterContent/Textures/T_Chair_M.uasset" 125
"../../../thesis_1/Content/StarterContent/Textures/T_Chair_N.uasset" 126
"../../../thesis_1/Content/StarterContent/Props/Materials/M_Chair.uasset" 127
"../../../thesis_1/Content/StarterContent/Props/SM_Couch.uasset" 128
"../../../thesis_1/Content/StarterContent/Materials/M_Glass.uasset" 129
"../../../thesis_1/Content/StarterContent/Textures/T_Door_M.uasset" 130
"../../../thesis_1/Content/StarterContent/Textures/T_Door_N.uasset" 131
"../../../thesis_1/Content/StarterContent/Props/Materials/M_Door.uasset" 132
"../../../thesis_1/Content/StarterContent/Props/SM_Door.uasset" 133
"../../../thesis_1/Content/StarterContent/Props/Materials/M_MaterialSphere.uasset" 134
"../../../thesis_1/Content/StarterContent/Props/Materials/M_MaterialSphere_Plain.uasset" 135
"../../../thesis_1/Content/StarterContent/Props/SM_MatPreviewMesh_02.uasset" 136
"../../../thesis_1/Content/StarterContent/Textures/T_Detail_Rocky_N.uasset" 137
"../../../thesis_1/Content/StarterContent/Textures/T_Rock_Basalt_D.uasset" 138
"../../../thesis_1/Content/StarterContent/Textures/T_RockMesh_M.uasset" 139
"../../../thesis_1/Content/StarterContent/Textures/T_RockMesh_N.uasset" 140
"../../../thesis_1/Content/StarterContent/Props/Materials/M_Rock.uasset" 141
"../../../thesis_1/Content/StarterContent/Props/SM_Rock.uasset" 142
"../../../thesis_1/Content/StarterContent/Textures/T_Shelf_M.uasset" 143
"../../../thesis_1/Content/StarterContent/Textures/T_Shelf_N.uasset" 144
"../../../thesis_1/Content/StarterContent/Props/Materials/M_Shelf.uasset" 145
"../../../thesis_1/Content/StarterContent/Props/SM_Shelf.uasset" 146
"../../../thesis_1/Content/StarterContent/Materials/M_Basic_Floor.uasset" 147
"../../../thesis_1/Content/StarterContent/Props/SM_Stairs.uasset" 148
"../../../thesis_1/Content/StarterContent/Shapes/Shape_Cone.uasset" 149
"../../../thesis_1/Content/StarterContent/Shapes/Shape_Cylinder.uasset" 150
"../../../thesis_1/Content/StarterContent/Shapes/Shape_NarrowCapsule.uasset" 151
"../../../thesis_1/Content/StarterContent/Shapes/Shape_Pipe.uasset" 152
"../../../thesis_1/Content/StarterContent/Shapes/Shape_Pipe_180.uasset" 153
"../../../thesis_1/Content/StarterContent/Shapes/Shape_Pipe_90.uasset" 154
"../../../thesis_1/Content/StarterContent/Shapes/Shape_Plane.uasset" 155
"../../../thesis_1/Content/StarterContent/Shapes/Shape_Torus.uasset" 156
"../../../thesis_1/Content/StarterContent/Shapes/Shape_Trim.uasset" 157
"../../../thesis_1/Content/StarterContent/Shapes/Shape_Trim_90_In.uasset" 158
"../../../thesis_1/Content/StarterContent/Shapes/Shape_Trim_90_Out.uasset" 159
"../../../thesis_1/Content/StarterContent/Shapes/Shape_TriPyramid.uasset" 160
"../../../thesis_1/Content/StarterContent/Shapes/Shape_Tube.uasset" 161
"../../../thesis_1/Content/StarterContent/Shapes/Shape_Wedge_A.uasset" 162
"../../../thesis_1/Content/StarterContent/Shapes/Shape_Wedge_B.uasset" 163
"../../../thesis_1/Content/StarterContent/Shapes/Shape_WideCapsule.uasset" 164
"../../../thesis_1/Content/UI/AllLevels/ChatText.uasset" 165
"../../../thesis_1/Content/UI/AllLevels/ChatWindow.uasset" 166
"../../../thesis_1/Content/UI/AllLevels/GameplayChat.uasset" 167
"../../../thesis_1/Content/UI/HUD/Scoreboard.uasset" 168
"../../../thesis_1/Content/UI/Lobby/CharacterSelect.uasset" 169
"../../../thesis_1/Content/UI/Lobby/ConnectedPlayer.uasset" 170
"../../../thesis_1/Content/UI/Lobby/GameSettings.uasset" 171
"../../../thesis_1/Content/UI/Lobby/LobbyMenu.uasset" 172
"../../../thesis_1/Content/UI/Lobby/PlayerButton.uasset" 173
"../../../thesis_1/Content/UI/MainMenu/ErrorDialog.uasset" 174
"../../../Engine/Content/EngineMaterials/WorldGridMaterial.uasset" 175
"../../../Engine/Content/BasicShapes/Plane.uasset" 176
"../../../Engine/Content/EditorLandscapeResources/DataLayer.uasset" 177
"../../../Engine/Content/EditorMaterials/GizmoMaterial.uasset" 178
"../../../Engine/Content/EditorMaterials/MAT_Groups_Toggle.uasset" 179
"../../../Engine/Content/EditorMaterials/MAT_Groups_Visibility.uasset" 180
"../../../Engine/Content/EditorMaterials/PreviewShadowIndicator.uasset" 181
"../../../Engine/Content/EditorMaterials/PreviewShadowIndicatorMaterial.uasset" 182
"../../../Engine/Content/EditorMaterials/MatineeGroups/MAT_ColorTrack.uasset" 183
"../../../Engine/Content/EditorMaterials/MatineeGroups/MAT_Groups_Anim.uasset" 184
"../../../Engine/Content/EditorMaterials/MatineeGroups/MAT_Groups_AudioMaster.uasset" 185
"../../../Engine/Content/EditorMaterials/MatineeGroups/MAT_Groups_Director.uasset" 186
"../../../Engine/Content/EditorMaterials/MatineeGroups/MAT_Groups_Event.uasset" 187
"../../../Engine/Content/EditorMaterials/MatineeGroups/MAT_Groups_Fade.uasset" 188
"../../../Engine/Content/EditorMaterials/MatineeGroups/MAT_Groups_Float.uasset" 189
"../../../Engine/Content/EditorMaterials/MatineeGroups/MAT_Groups_Move.uasset" 190
"../../../Engine/Content/EditorMaterials/MatineeGroups/MAT_Groups_Slomo.uasset" 191
"../../../Engine/Content/EditorMaterials/MatineeGroups/MAT_Groups_Sound.uasset" 192
"../../../Engine/Content/EditorMaterials/MatineeGroups/MAT_Groups_Vector.uasset" 193
"../../../Engine/Content/EditorMaterials/ParticleSystems/PSysThumbnail_NoImage.uasset" 194
"../../../Engine/Content/EditorMaterials/ParticleSystems/PSysThumbnail_OOD.uasset" 195
"../../../Engine/Content/EditorMaterials/Camera/CineMat.uasset" 196
"../../../Engine/Content/EditorMaterials/Camera/MI_CineMat_Rig.uasset" 197
"../../../Engine/Content/EditorMeshes/Camera/SM_CraneRig_Arm.uasset" 198
"../../../Engine/Content/EditorMeshes/Camera/SM_CraneRig_Base.uasset" 199
"../../../Engine/Content/EditorMeshes/Camera/SM_CraneRig_Body.uasset" 200
"../../../Engine/Content/EditorMeshes/Camera/SM_CraneRig_Mount.uasset" 201
"../../../Engine/Content/EditorMeshes/Camera/SM_RailRig_Mount.uasset" 202
"../../../Engine/Content/EditorMeshes/Camera/SM_RailRig_Track.uasset" 203
"../../../Engine/Content/EditorResources/BSPVertex.uasset" 204
"../../../Engine/Content/EditorResources/EmptyActor.uasset" 205
"../../../Engine/Content/EditorResources/S_Actor.uasset" 206
"../../../Engine/Content/EditorResources/S_Trigger.uasset" 207
"../../../Engine/Content/EditorResources/AudioIcons/S_AudioComponent.uasset" 208
"../../../Engine/Content/EditorResources/AudioIcons/S_AudioComponent_AutoActivate.uasset" 209
"../../../Engine/Content/EditorResources/LightIcons/S_LightError.uasset" 210
"../../../Engine/Content/EditorResources/SequenceRecorder/Countdown.uasset" 211
"../../../Engine/Content/EditorResources/SequenceRecorder/RecordingIndicator.uasset" 212
"../../../Engine/Content/EditorSounds/Notifications/CompileFailed.uasset" 213
"../../../Engine/Content/EditorSounds/Notifications/CompileFailed_Cue.uasset" 214
"../../../Engine/Content/EditorSounds/Notifications/CompileSuccess.uasset" 215
"../../../Engine/Content/EditorSounds/Notifications/CompileStart_Cue.uasset" 216
"../../../Engine/Content/EditorSounds/Notifications/CompileSuccess_Cue.uasset" 217
"../../../Engine/Content/EngineDamageTypes/DmgTypeBP_Environmental.uasset" 218
"../../../Engine/Content/EngineDebugMaterials/HeatmapGradient.uasset" 219
"../../../Engine/Content/EngineDebugMaterials/BoneWeightMaterial.uasset" 220
"../../../Engine/Content/EngineDebugMaterials/ClothMaterial.uasset" 221
"../../../Engine/Content/EngineDebugMaterials/ClothMaterial_WF.uasset" 222
"../../../Engine/Content/EngineDebugMaterials/DebugEditorMaterial.uasset" 223
"../../../Engine/Content/EngineDebugMaterials/DebugMeshMaterial.uasset" 224
"../../../Engine/Content/EngineDebugMaterials/GeomMaterial.uasset" 225
"../../../Engine/Content/EngineFonts/Faces/RobotoBold.uasset" 226
"../../../Engine/Content/EngineFonts/Faces/RobotoBoldItalic.uasset" 227
"../../../Engine/Content/EngineFonts/Faces/RobotoItalic.uasset" 228
"../../../Engine/Content/EngineFonts/Faces/RobotoLight.uasset" 229
"../../../Engine/Content/EngineFonts/Faces/RobotoRegular.uasset" 230
"../../../Engine/Content/EngineFonts/Roboto.uasset" 231
"../../../Engine/Content/EngineFonts/Faces/RobotoTiny.uasset" 232
"../../../Engine/Content/EngineFonts/RobotoTiny.uasset" 233
"../../../Engine/Content/EngineMaterials/DefaultBloomKernel.uasset" 234
"../../../Engine/Content/EngineMaterials/DefaultBokeh.uasset" 235
"../../../Engine/Content/EngineMaterials/DefaultDiffuse.uasset" 236
"../../../Engine/Content/EngineMaterials/DefaultDeferredDecalMaterial.uasset" 237
"../../../Engine/Content/EngineMaterials/DefaultLightFunctionMaterial.uasset" 238
"../../../Engine/Content/Functions/Engine_MaterialFunctions02/Utility/BreakOutFloat2Components.uasset" 239
"../../../Engine/Content/EngineMaterials/DefaultPostProcessMaterial.uasset" 240
"../../../Engine/Content/EngineFonts/RobotoDistanceField.uasset" 241
"../../../Engine/Content/EngineMaterials/DefaultTextMaterialOpaque.uasset" 242
"../../../Engine/Content/EngineMaterials/DefaultWhiteGrid.uasset" 243
"../../../Engine/Content/EngineMaterials/EditorBrushMaterial.uasset" 244
"../../../Engine/Content/EngineMaterials/Good64x64TilingNoiseHighFreq.uasset" 245
"../../../Engine/Content/EngineMaterials/MiniFont.uasset" 246
"../../../Engine/Content/EngineMaterials/InvalidLightmapSettings.uasset" 247
"../../../Engine/Content/EngineMaterials/M_InvalidLightmapSettings.uasset" 248
"../../../Engine/Content/Functions/Engine_MaterialFunctions02/WorldPositionOffset/CameraOffset.uasset" 249
"../../../Engine/Content/EngineMaterials/PhAT_JointLimitMaterial.uasset" 250
"../../../Engine/Content/EngineMaterials/PreintegratedSkinBRDF.uasset" 251
"../../../Engine/Content/EngineMaterials/RemoveSurfaceMaterial.uasset" 252
"../../../Engine/Content/EngineMaterials/WeightMapPlaceholderTexture.uasset" 253
"../../../Engine/Content/EngineResources/WhiteSquareTexture.uasset" 254
"../../../Engine/Content/EngineMaterials/Widget3DPassThrough.uasset" 255
"../../../Engine/Content/EngineMaterials/Widget3DPassThrough_Masked.uasset" 256
"../../../Engine/Content/EngineMaterials/Widget3DPassThrough_Opaque.uasset" 257
"../../../Engine/Content/EngineMaterials/Widget3DPassThrough_Masked_OneSided.uasset" 258
"../../../Engine/Content/EngineMaterials/Widget3DPassThrough_Opaque_OneSided.uasset" 259
"../../../Engine/Content/EngineMaterials/Widget3DPassThrough_Translucent.uasset" 260
"../../../Engine/Content/EngineMaterials/Widget3DPassThrough_Translucent_OneSided.uasset" 261
"../../../Engine/Content/EngineMeshes/Cube.uasset" 262
"../../../Engine/Content/EngineMeshes/Cylinder.uasset" 263
"../../../Engine/Content/EngineMeshes/Sphere.uasset" 264
"../../../Engine/Content/EngineResources/Black.uasset" 265
"../../../Engine/Content/EngineResources/DefaultTexture.uasset" 266
"../../../Engine/Content/EngineResources/DefaultTextureCube.uasset" 267
"../../../Engine/Content/EngineResources/GradientTexture0.uasset" 268
"../../../Engine/Content/EngineSounds/Master.uasset" 269
"../../../Engine/Content/Functions/Engine_MaterialFunctions01/Shading/ConvertFromDiffSpec.uasset" 270
"../../../Engine/Content/Functions/Engine_MaterialFunctions01/Shading/PowerToRoughness.uasset" 271
"../../../Engine/Content/Maps/Templates/Thumbnails/Default.uasset" 272
"../../../Engine/Content/Maps/Templates/Thumbnails/VR-Basic.uasset" 273
"../../../Engine/Content/MobileResources/T_MobileControls_texture.uasset" 274
"../../../Engine/Content/MobileResources/T_MobileMenu2.uasset" 275
"../../../Engine/Content/MobileResources/HUD/AnalogHat.uasset" 276
"../../../Engine/Content/MobileResources/HUD/VirtualJoystick_Background.uasset" 277
"../../../Engine/Content/MobileResources/HUD/VirtualJoystick_Thumb.uasset" 278
"../../../Engine/Content/MobileResources/HUD/DefaultVirtualJoysticks.uasset" 279
"../../../Engine/Content/MobileResources/HUD/LeftVirtualJoystickOnly.uasset" 280
"../../../Engine/Content/MobileResources/HUD/MobileHUDButton1_off.uasset" 281
"../../../Engine/Content/MobileResources/HUD/MobileHUDButton1_on.uasset" 282
"../../../Engine/Content/MobileResources/HUD/MobileHUDButton2_off.uasset" 283
"../../../Engine/Content/MobileResources/HUD/MobileHUDButton2_on.uasset" 284
"../../../Engine/Content/MobileResources/HUD/MobileHUDButton3.uasset" 285
"../../../Engine/Content/MobileResources/HUD/MobileHUDButtonFire.uasset" 286
"../../../Engine/Content/MobileResources/HUD/MobileHUDDirectionPad.uasset" 287
"../../../Engine/Content/MobileResources/HUD/MobileHUDDirectionPad2.uasset" 288
"../../../Engine/Content/MobileResources/HUD/MobileHUDDirectionPad3.uasset" 289
"../../../Engine/Content/MobileResources/HUD/MobileHUDDirectionStick.uasset" 290
"../../../Engine/Content/MobileResources/HUD/T_Castle_ThumbstickInner.uasset" 291
"../../../Engine/Content/MobileResources/HUD/T_Castle_ThumbstickOutter.uasset" 292
"../../../Engine/Content/Tutorial/ContentIntroCurve.uasset" 293
"../../../Engine/Content/Tutorial/Basics/TutorialAssets/icon_tab_Levels_40x.uasset" 294
"../../../Engine/Content/Tutorial/BlueprintTutorials/TutorialAssets/BlueprintInterface_64x.uasset" 295
"../../../Engine/Content/Tutorial/BlueprintTutorials/TutorialAssets/BlueprintMacroLibrary_64x.uasset" 296
"../../../Engine/Content/Tutorial/BlueprintTutorials/TutorialAssets/Blueprint_64x.uasset" 297
"../../../Engine/Content/Tutorial/BlueprintTutorials/TutorialAssets/Tutorial_BP_Interface.uasset" 298
"../../../Engine/Content/Tutorial/Foliage/TutorialAssets/Foliage.uasset" 299
"../../../Engine/Content/Tutorial/Landscape/TutorialAssets/Landscape.uasset" 300
"../../../Engine/Content/Tutorial/Paper2D/TutorialAssets/Paper2DFlipbook_TutorialIcon.uasset" 301
"../../../Engine/Content/Tutorial/Paper2D/TutorialAssets/Paper2DSprite_TutorialIcon.uasset" 302
"../../../Engine/Content/Tutorial/SubEditors/TutorialAssets/icon_Editor_Preferences_General_40x.uasset" 303
"../../../Engine/Content/Tutorial/SubEditors/TutorialAssets/icon_ShowSkeletalMeshes_40x.uasset" 304
"../../../Engine/Content/Tutorial/SubEditors/TutorialAssets/TutorialMaterial.uasset" 305
"../../../Engine/Content/Tutorial/SubEditors/TutorialAssets/T_SmokeSubUV_8X8.uasset" 306
"../../../Engine/Content/Tutorial/SubEditors/TutorialAssets/T_soft_smoke.uasset" 307
"../../../Engine/Content/Tutorial/SubEditors/TutorialAssets/M_smoke_subUV_blackbody.uasset" 308
"../../../Engine/Content/Tutorial/SubEditors/TutorialAssets/TutorialParticleSystem.uasset" 309
"../../../Engine/Content/VREditor/Devices/Generic/GenericHMDMaterial.uasset" 310
"../../../Engine/Content/VREditor/Devices/Generic/GenericHMD.uasset" 311
"../../../Engine/Content/VREditor/FloatingText/LineMaterial.uasset" 312
"../../../Engine/Content/VREditor/FloatingText/JointSphere.uasset" 313
"../../../Engine/Content/VREditor/FloatingText/LineSegmentCylinder.uasset" 314
"../../../Engine/Content/VREditor/Fonts/VRText_RobotoLarge.uasset" 315
"../../../Engine/Content/VREditor/Fonts/VRTextMaterial.uasset" 316
"../../../Engine/Content/VREditor/Fonts/TranslucentVRTextMaterial.uasset" 317
"../../../Engine/Content/VREditor/LaserPointer/CursorPointer.uasset" 318
"../../../Engine/Content/VREditor/LaserPointer/VR_LaserPower_01.uasset" 319
"../../../Engine/Content/VREditor/TransformGizmo/TransformGizmoMaterial.uasset" 320
"../../../Engine/Content/VREditor/LaserPointer/HoverMaterial.uasset" 321
"../../../Engine/Content/VREditor/TransformGizmo/TranslucentTransformGizmoMaterial.uasset" 322
"../../../Engine/Content/VREditor/LaserPointer/TranslucentHoverMaterial.uasset" 323
"../../../Engine/Content/VREditor/LaserPointer/HoverMesh.uasset" 324
"../../../Engine/Content/VREditor/LaserPointer/LaserPointerMaterial.uasset" 325
"../../../Engine/Content/VREditor/LaserPointer/LaserPointerMaterialInst.uasset" 326
"../../../Engine/Content/VREditor/LaserPointer/TranslucentLaserPointerMaterialInst.uasset" 327
"../../../Engine/Content/VREditor/LaserPointer/LaserPointerMesh.uasset" 328
"../../../Engine/Content/VREditor/LaserPointer/LaserPointerMesh_End.uasset" 329
"../../../Engine/Content/VREditor/LaserPointer/LaserPointerMesh_Start.uasset" 330
"../../../Engine/Content/Functions/Engine_MaterialFunctions02/Utility/BreakOutFloat3Components.uasset" 331
"../../../Engine/Content/Functions/Engine_MaterialFunctions02/Math/Transform3x3Matrix.uasset" 332
"../../../Engine/Content/Functions/Engine_MaterialFunctions02/SplitComponents.uasset" 333
"../../../Engine/Content/Functions/Engine_MaterialFunctions02/Utility/MakeFloat3.uasset" 334
"../../../Engine/Content/VREditor/SnapGrid/SnapGridMaterial.uasset" 335
"../../../Engine/Content/VREditor/SnapGrid/SnapGridPlaneMesh.uasset" 336
"../../../Engine/Content/VREditor/Sounds/VR_teleport.uasset" 337
"../../../Engine/Content/VREditor/Sounds/UI/Click_on_Button_Cue.uasset" 338
"../../../Engine/Content/VREditor/Sounds/UI/Dockable_Window_Close.uasset" 339
"../../../Engine/Content/VREditor/Sounds/UI/Dockable_Window_Drop.uasset" 340
"../../../Engine/Content/VREditor/Sounds/UI/Dockable_Window_Open.uasset" 341
"../../../Engine/Content/VREditor/Sounds/UI/Dockable_Window_Pick_Up.uasset" 342
"../../../Engine/Content/VREditor/Sounds/UI/Drop_Item_From_ContentBrowser.uasset" 343
"../../../Engine/Content/VREditor/Sounds/UI/Floating_UI_Open-001.uasset" 344
"../../../Engine/Content/VREditor/Sounds/UI/Gizmo_Handle_Clicked.uasset" 345
"../../../Engine/Content/VREditor/Sounds/UI/Object_PickUp.uasset" 346
"../../../Engine/Content/VREditor/Sounds/UI/Object_Snaps_To_Another_Actor.uasset" 347
"../../../Engine/Content/VREditor/Sounds/UI/Object_Snaps_To_Grid.uasset" 348
"../../../Engine/Content/VREditor/Sounds/UI/Radial_Menu_FadeOut.uasset" 349
"../../../Engine/Content/VREditor/Sounds/UI/Scaling_Down.uasset" 350
"../../../Engine/Content/VREditor/Sounds/UI/Scaling_Up.uasset" 351
"../../../Engine/Content/VREditor/Sounds/UI/Selection_Changes.uasset" 352
"../../../Engine/Content/VREditor/Sounds/UI/Teleport_Mode_Entered.uasset" 353
"../../../Engine/Content/VREditor/Teleport/TeleportDirectionMaterial.uasset" 354
"../../../Engine/Content/VREditor/Teleport/TeleportDirectionMaterial_Inst.uasset" 355
"../../../Engine/Content/VREditor/Teleport/TeleportDirectionMesh.uasset" 356
"../../../Engine/Content/VREditor/TransformGizmo/BoundingBoxCorner.uasset" 357
"../../../Engine/Content/VREditor/TransformGizmo/BoundingBoxEdge.uasset" 358
"../../../Engine/Content/VREditor/TransformGizmo/PlaneTranslationHandle.uasset" 359
"../../../Engine/Content/VREditor/TransformGizmo/RotationHandleFull.uasset" 360
"../../../Engine/Content/VREditor/TransformGizmo/RotationHandleIndicator.uasset" 361
"../../../Engine/Content/VREditor/TransformGizmo/RotationHandleQuarter.uasset" 362
"../../../Engine/Content/VREditor/TransformGizmo/Main.uasset" 363
"../../../Engine/Content/VREditor/TransformGizmo/Xray.uasset" 364
"../../../Engine/Content/VREditor/TransformGizmo/SM_Dialog_Close.uasset" 365
"../../../Engine/Content/VREditor/TransformGizmo/SM_Dialog_Move.uasset" 366
"../../../Engine/Content/VREditor/TransformGizmo/SM_Sequencer_Key.uasset" 367
"../../../Engine/Content/VREditor/TransformGizmo/SM_Sequencer_Node.uasset" 368
"../../../Engine/Content/VREditor/TransformGizmo/StartRotationHandleIndicator.uasset" 369
"../../../Engine/Content/VREditor/TransformGizmo/TranslucentTransformGizmoMaterial_Inst.uasset" 370
"../../../Engine/Content/VREditor/TransformGizmo/TransformGizmoFreeRotation.uasset" 371
"../../../Engine/Content/VREditor/TransformGizmo/TransformGizmoMaterial_Inst.uasset" 372
"../../../Engine/Content/VREditor/TransformGizmo/TranslateArrowHandle.uasset" 373
"../../../Engine/Content/VREditor/TransformGizmo/UniformScaleHandle.uasset" 374
"../../../Engine/Content/VREditor/UI/KeyDiskMaterial.uasset" 375
"../../../Engine/Content/VREditor/UI/DiscMaterial.uasset" 376
"../../../Engine/Content/VREditor/UI/SM_Radial_Disk.uasset" 377
"../../../Engine/Content/VREditor/WorldMovementGrid/SimpleGrid.uasset" 378
"../../../Engine/Content/VREditor/WorldMovementGrid/GridMaterial.uasset" 379
"../../../Engine/Content/Functions/Engine_MaterialFunctions01/Density/ExponentialDensity.uasset" 380
"../../../Engine/Content/VREditor/WorldMovementGrid/GridPostProcess.uasset" 381
"../../../Engine/Content/EditorLandscapeResources/FlattenHeightMat.uasset" 382
"../../../Engine/Content/VREditor/WorldMovementGrid/PlaneMesh.uasset" 383
"../../../Engine/Plugins/2D/Paper2D/Content/PlaceholderTextures/DummySpriteTexture.uasset" 384
"../../../Engine/Plugins/2D/Paper2D/Content/DummySprite.uasset" 385
"../../../Engine/Plugins/2D/Paper2D/Content/DefaultPaperTerrainMaterial.uasset" 386
"../../../Engine/Plugins/2D/Paper2D/Content/DefaultSpriteMaterial.uasset" 387
"../../../Engine/Plugins/2D/Paper2D/Content/MaskedUnlitSpriteMaterial.uasset" 388
"../../../Engine/Plugins/2D/Paper2D/Content/OpaqueUnlitSpriteMaterial.uasset" 389
"../../../Engine/Plugins/Media/MediaCompositing/Content/DefaultMediaPlaneMaterial.uasset" 390
"../../../Engine/Content/Functions/Engine_MaterialFunctions01/Texturing/ScaleUVsByCenter.uasset" 391
"../../../Engine/Content/Functions/Engine_MaterialFunctions02/Utility/MakeFloat4.uasset" 392
"../../../Engine/Plugins/Runtime/AppleARKit/Content/ARKitCameraMaterial.uasset" 393
"../../../Engine/Plugins/Runtime/Oculus/OculusVR/Content/Textures/GearVRController_AO.uasset" 394
"../../../Engine/Plugins/Runtime/Oculus/OculusVR/Content/Textures/GearVRController_Color.uasset" 395
"../../../Engine/Plugins/Runtime/Oculus/OculusVR/Content/Textures/GearVRController_Normal.uasset" 396
"../../../Engine/Plugins/Runtime/Oculus/OculusVR/Content/Materials/GearVRControllerMaterial.uasset" 397
"../../../Engine/Plugins/Runtime/Oculus/OculusVR/Content/Meshes/GearVrController.uasset" 398
"../../../Engine/Content/EngineSky/C_Sky_Cloud_Color.uasset" 399
"../../../Engine/Content/EngineSky/C_Sky_Horizon_Color.uasset" 400
"../../../Engine/Content/EngineSky/C_Sky_Zenith_Color.uasset" 401
"../../../Engine/Content/EngineSky/T_Sky_Blue.uasset" 402
"../../../Engine/Content/EngineSky/T_Sky_Clouds_M.uasset" 403
"../../../Engine/Content/EngineSky/T_Sky_Stars.uasset" 404
"../../../Engine/Content/EngineSky/M_Sky_Panning_Clouds2.uasset" 405
"../../../Engine/Content/EngineSky/SM_SkySphere.uasset" 406
"../../../Engine/Content/EngineSky/BP_Sky_Sphere.uasset" 407
"../../../thesis_1/Content/Levels/boss0_BuiltData.uasset" 408
"../../../Engine/Content/MapTemplates/SM_Template_Map_Floor.uasset" 409
"../../../thesis_1/Content/Levels/boss0.umap" 410
"../../../thesis_1/Content/Materials/Ash.uasset" 411
"../../../thesis_1/Content/Materials/Wood.uasset" 412
"../../../thesis_1/Content/StarterContent/Particles/Materials/M_Heat_Distortion.uasset" 413
"../../../thesis_1/Content/StarterContent/Particles/Materials/M_Radial_Gradient.uasset" 414
"../../../thesis_1/Content/StarterContent/Particles/P_LowPolyFire.uasset" 415
"../../../thesis_1/Content/Blueprints/Environment/Bonfire.uasset" 416
"../../../thesis_1/Content/Materials/SilverIce.uasset" 417
"../../../Engine/Content/BasicShapes/Cube.uasset" 418
"../../../thesis_1/Content/Blueprints/Environment/IceLamppost.uasset" 419
"../../../thesis_1/Content/Materials/Snow.uasset" 420
"../../../Engine/Content/EngineMaterials/DefaultPhysicalMaterial.uasset" 421
"../../../thesis_1/Content/Meshes/Stone.uasset" 422
"../../../thesis_1/Content/Meshes/Tree.uasset" 423
"../../../thesis_1/Content/Blueprints/Environment/Tree.uasset" 424
"../../../thesis_1/Content/Levels/IceMap_BuiltData.uasset" 425
"../../../thesis_1/Content/Meshes/Stone2.uasset" 426
"../../../thesis_1/Content/Levels/IceMap.umap" 427
"../../../thesis_1/Content/Blueprints/Lobby/LobbyGM.uasset" 428
"../../../thesis_1/Content/Levels/Lobby.umap" 429
"../../../thesis_1/Content/Levels/MainMenu_BuiltData.uasset" 430
"../../../thesis_1/Content/Levels/MainMenu.umap" 431
"../../../thesis_1/Content/Levels/test_map_0_BuiltData.uasset" 432
"../../../thesis_1/Content/Levels/test_map_0.umap" 433
"../../../thesis_1/Content/Levels/test_map_1.umap" 434
"../../../thesis_1/Content/Levels/TravelMap.umap" 435
"../../../thesis_1/Content/StarterContent/Blueprints/Assets/FogBrightnessLUT.uasset" 436
"../../../thesis_1/Content/StarterContent/Blueprints/Assets/SunlightColorLUT.uasset" 437
"../../../thesis_1/Content/StarterContent/Blueprints/Assets/M_LightStage_Arrows.uasset" 438
"../../../Engine/Content/MapTemplates/Sky/DaylightAmbientCubemap.uasset" 439
"../../../thesis_1/Content/StarterContent/Blueprints/Assets/M_LightStage_Skybox_Master.uasset" 440
"../../../thesis_1/Content/StarterContent/Blueprints/Assets/M_LightStage_Skybox_Black.uasset" 441
"../../../thesis_1/Content/StarterContent/Blueprints/Assets/M_LightStage_Skybox_HDRI.uasset" 442
"../../../Engine/Content/EditorMaterials/Thumbnails/SkySphereMaterial.uasset" 443
"../../../thesis_1/Content/StarterContent/Blueprints/Assets/Skybox.uasset" 444
"../../../thesis_1/Content/StarterContent/Blueprints/Assets/SM_Arrows.uasset" 445
"../../../thesis_1/Content/StarterContent/HDRI/HDRI_Epic_Courtyard_Daylight.uasset" 446
"../../../thesis_1/Content/StarterContent/Blueprints/BP_LightStudio.uasset" 447
"../../../thesis_1/Content/StarterContent/Maps/Advanced_Lighting_BuiltData.uasset" 448
"../../../thesis_1/Content/StarterContent/Materials/M_AssetPlatform.uasset" 449
"../../../Engine/Content/EditorMeshes/ColorCalibrator/M_ChromeBall.uasset" 450
"../../../Engine/Content/EditorMeshes/ColorCalibrator/M_ClearCoat.uasset" 451
"../../../Engine/Content/EditorMeshes/ColorCalibrator/M_ClearCoatBlack.uasset" 452
"../../../Engine/Content/EditorMeshes/ColorCalibrator/Color_checker.uasset" 453
"../../../Engine/Content/EditorMeshes/ColorCalibrator/M_ColorGrid.uasset" 454
"../../../Engine/Content/EditorMeshes/ColorCalibrator/M_GreyBall.uasset" 455
"../../../Engine/Content/EditorMeshes/ColorCalibrator/SM_ColorCalibrator.uasset" 456
"../../../thesis_1/Content/StarterContent/Architecture/SM_AssetPlatform.uasset" 457
"../../../thesis_1/Content/StarterContent/Maps/Advanced_Lighting.umap" 458
"../../../thesis_1/Content/StarterContent/Maps/Minimal_Default_BuiltData.uasset" 459
"../../../thesis_1/Content/StarterContent/Textures/T_MacroVariation.uasset" 460
"../../../thesis_1/Content/StarterContent/Materials/M_Metal_Brushed_Nickel.uasset" 461
"../../../thesis_1/Content/StarterContent/Textures/T_Metal_Aluminum_D.uasset" 462
"../../../thesis_1/Content/StarterContent/Textures/T_Metal_Gold_N.uasset" 463
"../../../thesis_1/Content/StarterContent/Materials/M_Metal_Burnished_Steel.uasset" 464
"../../../thesis_1/Content/StarterContent/Textures/T_Metal_Copper_D.uasset" 465
"../../../thesis_1/Content/StarterContent/Materials/M_Metal_Copper.uasset" 466
"../../../thesis_1/Content/StarterContent/Textures/T_Statue_M.uasset" 467
"../../../thesis_1/Content/StarterContent/Textures/T_Statue_N.uasset" 468
"../../../thesis_1/Content/StarterContent/Props/Materials/M_StatueGlass.uasset" 469
"../../../thesis_1/Content/StarterContent/Architecture/Floor_400x400.uasset" 470
"../../../thesis_1/Content/StarterContent/Audio/Starter_Background_Cue.uasset" 471
"../../../thesis_1/Content/StarterContent/Props/SM_Chair.uasset" 472
"../../../thesis_1/Content/StarterContent/Props/Materials/M_Statue.uasset" 473
"../../../thesis_1/Content/StarterContent/Props/SM_Statue.uasset" 474
"../../../thesis_1/Content/StarterContent/Textures/T_TableRound_M.uasset" 475
"../../../thesis_1/Content/StarterContent/Textures/T_TableRound_N.uasset" 476
"../../../thesis_1/Content/StarterContent/Props/Materials/M_TableRound.uasset" 477
"../../../thesis_1/Content/StarterContent/Props/SM_TableRound.uasset" 478
"../../../thesis_1/Content/StarterContent/Maps/Minimal_Default.umap" 479
"../../../thesis_1/Content/StarterContent/Audio/Fire01_Cue.uasset" 480
"../../../thesis_1/Content/StarterContent/Textures/T_Fire_SubUV.uasset" 481
"../../../thesis_1/Content/StarterContent/Particles/Materials/M_Fire_SubUV.uasset" 482
"../../../thesis_1/Content/StarterContent/Particles/P_Fire.uasset" 483
"../../../thesis_1/Content/StarterContent/Blueprints/Blueprint_Effect_Fire.uasset" 484
"../../../thesis_1/Content/StarterContent/Audio/Smoke01_Cue.uasset" 485
"../../../thesis_1/Content/StarterContent/Particles/P_Smoke.uasset" 486
"../../../thesis_1/Content/StarterContent/Blueprints/Blueprint_Effect_Smoke.uasset" 487
"../../../thesis_1/Content/StarterContent/Audio/Fire_Sparks01_Cue.uasset" 488
"../../../thesis_1/Content/StarterContent/Particles/Materials/M_Spark.uasset" 489
"../../../thesis_1/Content/StarterContent/Particles/P_Sparks.uasset" 490
"../../../thesis_1/Content/StarterContent/Blueprints/Blueprint_Effect_Sparks.uasset" 491
"../../../thesis_1/Content/StarterContent/Audio/Steam01_Cue.uasset" 492
"../../../thesis_1/Content/StarterContent/Particles/P_Steam_Lit.uasset" 493
"../../../thesis_1/Content/StarterContent/Blueprints/Blueprint_Effect_Steam.uasset" 494
"../../../thesis_1/Content/StarterContent/Textures/T_Lamp_N.uasset" 495
"../../../thesis_1/Content/StarterContent/Props/Materials/M_Lamp.uasset" 496
"../../../thesis_1/Content/StarterContent/Props/SM_Lamp_Ceiling.uasset" 497
"../../../thesis_1/Content/StarterContent/Blueprints/Blueprint_CeilingLight.uasset" 498
"../../../thesis_1/Content/StarterContent/Props/SM_Lamp_Wall.uasset" 499
"../../../thesis_1/Content/StarterContent/Blueprints/Blueprint_WallSconce.uasset" 500
"../../../thesis_1/Content/StarterContent/Maps/StarterMap_BuiltData.uasset" 501
"../../../Engine/Content/Functions/Engine_MaterialFunctions03/Procedurals/ComputeFilterWidth.uasset" 502
"../../../Engine/Content/EngineMaterials/AntiAliasedTextMaterialTranslucent.uasset" 503
"../../../thesis_1/Content/StarterContent/Textures/T_Brick_Clay_Beveled_D.uasset" 504
"../../../thesis_1/Content/StarterContent/Textures/T_Brick_Clay_Beveled_M.uasset" 505
"../../../thesis_1/Content/StarterContent/Textures/T_Brick_Clay_Beveled_N.uasset" 506
"../../../thesis_1/Content/StarterContent/Materials/M_Brick_Clay_Beveled.uasset" 507
"../../../thesis_1/Content/StarterContent/Textures/T_Brick_Clay_New_D.uasset" 508
"../../../thesis_1/Content/StarterContent/Textures/T_Brick_Clay_New_M.uasset" 509
"../../../thesis_1/Content/StarterContent/Textures/T_Brick_Clay_New_N.uasset" 510
"../../../thesis_1/Content/StarterContent/Materials/M_Brick_Clay_New.uasset" 511
"../../../thesis_1/Content/StarterContent/Textures/T_Brick_Clay_Old_D.uasset" 512
"../../../thesis_1/Content/StarterContent/Textures/T_Brick_Clay_Old_N.uasset" 513
"../../../thesis_1/Content/StarterContent/Materials/M_Brick_Clay_Old.uasset" 514
"../../../thesis_1/Content/StarterContent/Textures/T_Brick_Cut_Stone_D.uasset" 515
"../../../thesis_1/Content/StarterContent/Textures/T_Brick_Cut_Stone_N.uasset" 516
"../../../thesis_1/Content/StarterContent/Materials/M_Brick_Cut_Stone.uasset" 517
"../../../thesis_1/Content/StarterContent/Textures/T_Brick_Hewn_Stone_D.uasset" 518
"../../../thesis_1/Content/StarterContent/Textures/T_Brick_Hewn_Stone_M.uasset" 519
"../../../thesis_1/Content/StarterContent/Textures/T_Brick_Hewn_Stone_N.uasset" 520
"../../../thesis_1/Content/StarterContent/Materials/M_Brick_Hewn_Stone.uasset" 521
"../../../thesis_1/Content/StarterContent/Textures/T_Ceramic_Tile_M.uasset" 522
"../../../thesis_1/Content/StarterContent/Textures/T_Ceramic_Tile_N.uasset" 523
"../../../thesis_1/Content/StarterContent/Textures/T_Rock_Marble_Polished_D.uasset" 524
"../../../thesis_1/Content/StarterContent/Materials/M_Ceramic_Tile_Checker.uasset" 525
"../../../thesis_1/Content/StarterContent/Textures/T_CobbleStone_Pebble_D.uasset" 526
"../../../thesis_1/Content/StarterContent/Textures/T_CobbleStone_Pebble_M.uasset" 527
"../../../thesis_1/Content/StarterContent/Textures/T_CobbleStone_Pebble_N.uasset" 528
"../../../thesis_1/Content/StarterContent/Materials/M_CobbleStone_Pebble.uasset" 529
"../../../thesis_1/Content/StarterContent/Textures/T_CobbleStone_Rough_D.uasset" 530
"../../../thesis_1/Content/StarterContent/Textures/T_CobbleStone_Rough_N.uasset" 531
"../../../thesis_1/Content/StarterContent/Textures/T_Gradinet_01.uasset" 532
"../../../thesis_1/Content/StarterContent/Textures/T_Rock_Smooth_Granite_D.uasset" 533
"../../../thesis_1/Content/StarterContent/Materials/M_CobbleStone_Rough.uasset" 534
"../../../thesis_1/Content/StarterContent/Textures/T_CobbleStone_Smooth_D.uasset" 535
"../../../thesis_1/Content/StarterContent/Textures/T_CobbleStone_Smooth_M.uasset" 536
"../../../thesis_1/Content/StarterContent/Textures/T_CobbleStone_Smooth_N.uasset" 537
"../../../thesis_1/Content/StarterContent/Materials/M_CobbleStone_Smooth.uasset" 538
"../../../thesis_1/Content/StarterContent/Textures/T_Concrete_Grime_D.uasset" 539
"../../../thesis_1/Content/StarterContent/Textures/T_Metal_Rust_N.uasset" 540
"../../../thesis_1/Content/StarterContent/Materials/M_Concrete_Grime.uasset" 541
"../../../thesis_1/Content/StarterContent/Textures/T_Concrete_Panels_D.uasset" 542
"../../../thesis_1/Content/StarterContent/Textures/T_Concrete_Panels_N.uasset" 543
"../../../thesis_1/Content/StarterContent/Materials/M_Concrete_Panels.uasset" 544
"../../../thesis_1/Content/StarterContent/Textures/T_Concrete_Poured_D.uasset" 545
"../../../thesis_1/Content/StarterContent/Textures/T_Concrete_Poured_N.uasset" 546
"../../../thesis_1/Content/StarterContent/Materials/M_Concrete_Poured.uasset" 547
"../../../thesis_1/Content/StarterContent/Textures/T_Concrete_Tiles_D.uasset" 548
"../../../thesis_1/Content/StarterContent/Textures/T_Concrete_Tiles_M.uasset" 549
"../../../thesis_1/Content/StarterContent/Textures/T_Concrete_Tiles_N.uasset" 550
"../../../thesis_1/Content/StarterContent/Textures/T_Concrete_Tiles_Variation_M.uasset" 551
"../../../thesis_1/Content/StarterContent/Materials/M_Concrete_Tiles.uasset" 552
"../../../thesis_1/Content/StarterContent/Textures/T_Ground_Grass_D.uasset" 553
"../../../thesis_1/Content/StarterContent/Textures/T_Ground_Grass_N.uasset" 554
"../../../thesis_1/Content/StarterContent/Materials/M_Ground_Grass.uasset" 555
"../../../thesis_1/Content/StarterContent/Textures/T_Ground_Gravel_D.uasset" 556
"../../../thesis_1/Content/StarterContent/Textures/T_Ground_Gravel_N.uasset" 557
"../../../thesis_1/Content/StarterContent/Materials/M_Ground_Gravel.uasset" 558
"../../../thesis_1/Content/StarterContent/Textures/T_ground_Moss_D.uasset" 559
"../../../thesis_1/Content/StarterContent/Textures/T_Ground_Moss_N.uasset" 560
"../../../thesis_1/Content/StarterContent/Materials/M_Ground_Moss.uasset" 561
"../../../thesis_1/Content/StarterContent/Materials/M_Metal_Chrome.uasset" 562
"../../../thesis_1/Content/StarterContent/Textures/T_Metal_Gold_D.uasset" 563
"../../../thesis_1/Content/StarterContent/Materials/M_Metal_Gold.uasset" 564
"../../../thesis_1/Content/StarterContent/Textures/T_Metal_Rust_D.uasset" 565
"../../../thesis_1/Content/StarterContent/Materials/M_Metal_Rust.uasset" 566
"../../../thesis_1/Content/StarterContent/Textures/T_Metal_Steel_D.uasset" 567
"../../../thesis_1/Content/StarterContent/Textures/T_Metal_Steel_N.uasset" 568
"../../../thesis_1/Content/StarterContent/Materials/M_Metal_Steel.uasset" 569
"../../../thesis_1/Content/StarterContent/Textures/T_Rock_Basalt_N.uasset" 570
"../../../thesis_1/Content/StarterContent/Materials/M_Rock_Basalt.uasset" 571
"../../../thesis_1/Content/StarterContent/Materials/M_Rock_Marble_Polished.uasset" 572
"../../../thesis_1/Content/StarterContent/Textures/T_Rock_Sandstone_D.uasset" 573
"../../../thesis_1/Content/StarterContent/Textures/T_Rock_Sandstone_N.uasset" 574
"../../../thesis_1/Content/StarterContent/Materials/M_Rock_Sandstone.uasset" 575
"../../../thesis_1/Content/StarterContent/Textures/T_Rock_Slate_D.uasset" 576
"../../../thesis_1/Content/StarterContent/Textures/T_Rock_Slate_N.uasset" 577
"../../../thesis_1/Content/StarterContent/Materials/M_Rock_Slate.uasset" 578
"../../../thesis_1/Content/StarterContent/Textures/T_Checker_Noise_M.uasset" 579
"../../../thesis_1/Content/StarterContent/Textures/T_Single_Tile_N.uasset" 580
"../../../thesis_1/Content/StarterContent/Materials/M_Tech_Checker_Dot.uasset" 581
"../../../thesis_1/Content/StarterContent/Textures/T_Tech_Hex_Tile_M.uasset" 582
"../../../thesis_1/Content/StarterContent/Textures/T_Tech_Hex_Tile_N.uasset" 583
"../../../thesis_1/Content/StarterContent/Materials/M_Tech_Hex_Tile.uasset" 584
"../../../thesis_1/Content/StarterContent/Materials/M_Tech_Hex_Tile_Pulse.uasset" 585
"../../../thesis_1/Content/StarterContent/Textures/T_Tech_Panel_M.uasset" 586
"../../../thesis_1/Content/StarterContent/Textures/T_Tech_Panel_N.uasset" 587
"../../../thesis_1/Content/StarterContent/Materials/M_Tech_Panel.uasset" 588
"../../../thesis_1/Content/StarterContent/Materials/M_Water_Lake.uasset" 589
"../../../thesis_1/Content/StarterContent/Materials/M_Water_Ocean.uasset" 590
"../../../thesis_1/Content/StarterContent/Textures/T_Wood_Floor_Walnut_D.uasset" 591
"../../../thesis_1/Content/StarterContent/Textures/T_Wood_Floor_Walnut_M.uasset" 592
"../../../thesis_1/Content/StarterContent/Textures/T_Wood_Floor_Walnut_N.uasset" 593
"../../../thesis_1/Content/StarterContent/Materials/M_Wood_Floor_Walnut_Polished.uasset" 594
"../../../Engine/Content/Functions/Engine_MaterialFunctions01/Opacity/AlphaOffset.uasset" 595
"../../../thesis_1/Content/StarterContent/Materials/M_Wood_Floor_Walnut_Worn.uasset" 596
"../../../thesis_1/Content/StarterContent/Textures/T_Wood_Oak_D.uasset" 597
"../../../thesis_1/Content/StarterContent/Textures/T_Wood_Oak_N.uasset" 598
"../../../thesis_1/Content/StarterContent/Materials/M_Wood_Oak.uasset" 599
"../../../thesis_1/Content/StarterContent/Textures/T_Wood_Pine_D.uasset" 600
"../../../thesis_1/Content/StarterContent/Textures/T_Wood_Pine_N.uasset" 601
"../../../thesis_1/Content/StarterContent/Materials/M_Wood_Pine.uasset" 602
"../../../thesis_1/Content/StarterContent/Textures/T_Wood_Walnut_D.uasset" 603
"../../../thesis_1/Content/StarterContent/Textures/T_Wood_Walnut_N.uasset" 604
"../../../thesis_1/Content/StarterContent/Materials/M_Wood_Walnut.uasset" 605
"../../../thesis_1/Content/StarterContent/Architecture/Wall_400x200.uasset" 606
"../../../thesis_1/Content/StarterContent/Architecture/Wall_Door_400x300.uasset" 607
"../../../thesis_1/Content/StarterContent/Architecture/Wall_Window_400x300.uasset" 608
"../../../thesis_1/Content/StarterContent/Audio/Collapse_Cue.uasset" 609
"../../../thesis_1/Content/StarterContent/Audio/Starter_Music_Cue.uasset" 610
"../../../thesis_1/Content/StarterContent/Textures/T_Dust_Particle_D.uasset" 611
"../../../thesis_1/Content/StarterContent/Particles/Materials/M_Dust_Particle.uasset" 612
"../../../thesis_1/Content/StarterContent/Particles/P_Ambient_Dust.uasset" 613
"../../../thesis_1/Content/StarterContent/Props/MaterialSphere.uasset" 614
"../../../thesis_1/Content/StarterContent/Textures/T_Frame_M.uasset" 615
"../../../thesis_1/Content/StarterContent/Textures/T_Frame_N.uasset" 616
"../../../thesis_1/Content/StarterContent/Props/Materials/M_Frame.uasset" 617
"../../../thesis_1/Content/StarterContent/Props/SM_CornerFrame.uasset" 618
"../../../thesis_1/Content/StarterContent/Props/SM_DoorFrame.uasset" 619
"../../../thesis_1/Content/StarterContent/Props/SM_GlassWindow.uasset" 620
"../../../thesis_1/Content/StarterContent/Props/SM_PillarFrame.uasset" 621
"../../../thesis_1/Content/StarterContent/Props/SM_PillarFrame300.uasset" 622
"../../../thesis_1/Content/StarterContent/Props/SM_WindowFrame.uasset" 623
"../../../thesis_1/Content/StarterContent/Shapes/Shape_Cube.uasset" 624
"../../../thesis_1/Content/StarterContent/Shapes/Shape_QuadPyramid.uasset" 625
"../../../thesis_1/Content/StarterContent/Shapes/Shape_Sphere.uasset" 626
"../../../thesis_1/Content/StarterContent/Maps/StarterMap.umap" 627
"../../../Engine/Content/Maps/Entry.umap" 628
